{"level":"error","message":"MongoDB 连接失败: Server selection timed out after 5000 ms","service":"ai-labor-advisor","timestamp":"2025-06-28 19:13:24"}
{"level":"error","message":"MongoDB 连接错误: MongoServerSelectionError: Server selection timed out after 5000 ms","service":"ai-labor-advisor","timestamp":"2025-06-28 19:13:24"}
{"level":"error","message":"MongoDB 连接错误: MongoServerSelectionError: Server selection timed out after 5000 ms","service":"ai-labor-advisor","timestamp":"2025-06-28 19:13:24"}
{"level":"error","message":"MongoDB 连接错误: MongoServerSelectionError: Server selection timed out after 5000 ms","service":"ai-labor-advisor","timestamp":"2025-06-28 19:13:24"}
{"level":"error","message":"MongoDB 连接错误: MongoServerSelectionError: Server selection timed out after 5000 ms","service":"ai-labor-advisor","timestamp":"2025-06-28 19:13:24"}
{"level":"error","message":"MongoDB 连接错误: MongoServerSelectionError: Server selection timed out after 5000 ms","service":"ai-labor-advisor","timestamp":"2025-06-28 19:13:24"}
{"level":"error","message":"MongoDB 连接错误: MongoServerSelectionError: Server selection timed out after 5000 ms","service":"ai-labor-advisor","timestamp":"2025-06-28 19:13:24"}
{"level":"error","message":"MongoDB 连接错误: MongoServerSelectionError: Server selection timed out after 5000 ms","service":"ai-labor-advisor","timestamp":"2025-06-28 19:13:24"}
{"level":"error","message":"MongoDB 连接失败: Server selection timed out after 5000 ms","service":"ai-labor-advisor","timestamp":"2025-06-28 21:49:21"}
{"level":"error","message":"MongoDB 连接错误: MongoServerSelectionError: Server selection timed out after 5000 ms","service":"ai-labor-advisor","timestamp":"2025-06-28 21:49:21"}
{"level":"error","message":"MongoDB 连接错误: MongoServerSelectionError: Server selection timed out after 5000 ms","service":"ai-labor-advisor","timestamp":"2025-06-28 21:49:21"}
{"level":"error","message":"MongoDB 连接错误: MongoServerSelectionError: Server selection timed out after 5000 ms","service":"ai-labor-advisor","timestamp":"2025-06-28 21:49:21"}
{"level":"error","message":"MongoDB 连接失败: Server selection timed out after 5000 ms","service":"ai-labor-advisor","timestamp":"2025-06-28 21:49:31"}
{"level":"error","message":"MongoDB 连接错误: MongoServerSelectionError: Server selection timed out after 5000 ms","service":"ai-labor-advisor","timestamp":"2025-06-28 21:49:31"}
{"level":"error","message":"MongoDB 连接错误: MongoServerSelectionError: Server selection timed out after 5000 ms","service":"ai-labor-advisor","timestamp":"2025-06-28 21:49:31"}
{"level":"error","message":"MongoDB 连接错误: MongoServerSelectionError: Server selection timed out after 5000 ms","service":"ai-labor-advisor","timestamp":"2025-06-28 21:49:31"}
{"level":"error","message":"MongoDB 连接错误: MongoServerSelectionError: Server selection timed out after 5000 ms","service":"ai-labor-advisor","timestamp":"2025-06-28 21:49:31"}
{"level":"error","message":"MongoDB 连接错误: MongoServerSelectionError: Server selection timed out after 5000 ms","service":"ai-labor-advisor","timestamp":"2025-06-28 21:49:31"}
{"level":"error","message":"MongoDB 连接错误: MongoServerSelectionError: Server selection timed out after 5000 ms","service":"ai-labor-advisor","timestamp":"2025-06-28 21:49:31"}
{"level":"error","message":"MongoDB 连接失败: Server selection timed out after 5000 ms","service":"ai-labor-advisor","timestamp":"2025-06-28 21:49:41"}
{"level":"error","message":"MongoDB 连接错误: MongoServerSelectionError: Server selection timed out after 5000 ms","service":"ai-labor-advisor","timestamp":"2025-06-28 21:49:41"}
{"level":"error","message":"MongoDB 连接错误: MongoServerSelectionError: Server selection timed out after 5000 ms","service":"ai-labor-advisor","timestamp":"2025-06-28 21:49:41"}
{"level":"error","message":"MongoDB 连接错误: MongoServerSelectionError: Server selection timed out after 5000 ms","service":"ai-labor-advisor","timestamp":"2025-06-28 21:49:41"}
{"level":"error","message":"MongoDB 连接错误: MongoServerSelectionError: Server selection timed out after 5000 ms","service":"ai-labor-advisor","timestamp":"2025-06-28 21:49:41"}
{"level":"error","message":"MongoDB 连接错误: MongoServerSelectionError: Server selection timed out after 5000 ms","service":"ai-labor-advisor","timestamp":"2025-06-28 21:49:41"}
{"level":"error","message":"MongoDB 连接错误: MongoServerSelectionError: Server selection timed out after 5000 ms","service":"ai-labor-advisor","timestamp":"2025-06-28 21:49:41"}
{"level":"error","message":"MongoDB 连接错误: MongoServerSelectionError: Server selection timed out after 5000 ms","service":"ai-labor-advisor","timestamp":"2025-06-28 21:49:41"}
{"level":"error","message":"MongoDB 连接错误: MongoServerSelectionError: Server selection timed out after 5000 ms","service":"ai-labor-advisor","timestamp":"2025-06-28 21:49:41"}
{"level":"error","message":"MongoDB 连接错误: MongoServerSelectionError: Server selection timed out after 5000 ms","service":"ai-labor-advisor","timestamp":"2025-06-28 21:49:41"}
{"level":"error","message":"MongoDB 连接错误: MongoServerSelectionError: Server selection timed out after 5000 ms","service":"ai-labor-advisor","timestamp":"2025-06-28 21:49:41"}
{"level":"error","message":"MongoDB 连接错误: MongoServerSelectionError: Server selection timed out after 5000 ms","service":"ai-labor-advisor","timestamp":"2025-06-28 21:49:41"}
{"level":"error","message":"MongoDB 连接错误: MongoServerSelectionError: Server selection timed out after 5000 ms","service":"ai-labor-advisor","timestamp":"2025-06-28 21:49:41"}
{"error":"Error: read ECONNRESET\n    at TCP.onStreamRead (node:internal/stream_base_commons:218:20)","level":"error","message":"获取会话列表失败: read ECONNRESET","service":"ai-labor-advisor","timestamp":"2025-07-01 11:37:08","userId":"685d6c950d48e3c9de6239f6"}
{"ip":"::1","level":"error","message":"請求失敗: GET /api/v1/chat/sessions?page=1&limit=5","method":"GET","params":{},"path":"/api/v1/chat/sessions?page=1&limit=5","query":{"limit":"5","page":"1"},"responseTime":"29559ms","service":"ai-labor-advisor","status":500,"timestamp":"2025-07-01 11:37:08","userAgent":"Mozilla/5.0 (Windows NT 10.0; Win64; x64) AppleWebKit/537.36 (KHTML, like Gecko) Chrome/137.0.0.0 Safari/537.36"}
{"error":"Error: read ECONNRESET\n    at TCP.onStreamRead (node:internal/stream_base_commons:218:20)","level":"error","message":"获取会话列表失败: read ECONNRESET","service":"ai-labor-advisor","timestamp":"2025-07-01 11:52:58","userId":"685d6c950d48e3c9de6239f6"}
{"ip":"::1","level":"error","message":"請求失敗: GET /api/v1/chat/sessions?page=1&limit=5","method":"GET","params":{},"path":"/api/v1/chat/sessions?page=1&limit=5","query":{"limit":"5","page":"1"},"responseTime":"19646ms","service":"ai-labor-advisor","status":500,"timestamp":"2025-07-01 11:52:58","userAgent":"Mozilla/5.0 (Windows NT 10.0; Win64; x64) AppleWebKit/537.36 (KHTML, like Gecko) Chrome/137.0.0.0 Safari/537.36"}
{"error":"Error: read ECONNRESET\n    at TCP.onStreamRead (node:internal/stream_base_commons:218:20)","level":"error","message":"获取会话列表失败: read ECONNRESET","service":"ai-labor-advisor","timestamp":"2025-07-01 12:31:26","userId":"685d6c950d48e3c9de6239f6"}
{"ip":"::1","level":"error","message":"請求失敗: GET /api/v1/chat/sessions?page=1&limit=5","method":"GET","params":{},"path":"/api/v1/chat/sessions?page=1&limit=5","query":{"limit":"5","page":"1"},"responseTime":"47625ms","service":"ai-labor-advisor","status":500,"timestamp":"2025-07-01 12:31:26","userAgent":"Mozilla/5.0 (Windows NT 10.0; Win64; x64) AppleWebKit/537.36 (KHTML, like Gecko) Chrome/137.0.0.0 Safari/537.36"}
{"level":"error","message":"認證中間件錯誤: read ECONNRESET","method":"GET","path":"/sessions","service":"ai-labor-advisor","stack":"Error: read ECONNRESET\n    at TCP.onStreamRead (node:internal/stream_base_commons:218:20)","timestamp":"2025-07-01 13:53:59","token":"已提供"}
{"ip":"::1","level":"error","message":"請求失敗: GET /api/v1/chat/sessions?page=1&limit=5","method":"GET","params":{},"path":"/api/v1/chat/sessions?page=1&limit=5","query":{"limit":"5","page":"1"},"responseTime":"20264ms","service":"ai-labor-advisor","status":500,"timestamp":"2025-07-01 13:53:59","userAgent":"Mozilla/5.0 (Windows NT 10.0; Win64; x64) AppleWebKit/537.36 (KHTML, like Gecko) Chrome/137.0.0.0 Safari/537.36","userId":"unauthenticated"}
{"error":"Error: read ECONNRESET\n    at TCP.onStreamRead (node:internal/stream_base_commons:218:20)","level":"error","message":"获取会话列表失败: read ECONNRESET","service":"ai-labor-advisor","timestamp":"2025-07-01 14:00:03","userId":"685d6c950d48e3c9de6239f6"}
{"ip":"::1","level":"error","message":"請求失敗: GET /api/v1/chat/sessions?page=1&limit=5","method":"GET","params":{},"path":"/api/v1/chat/sessions?page=1&limit=5","query":{"limit":"5","page":"1"},"responseTime":"24179ms","service":"ai-labor-advisor","status":500,"timestamp":"2025-07-01 14:00:03","userAgent":"Mozilla/5.0 (Windows NT 10.0; Win64; x64) AppleWebKit/537.36 (KHTML, like Gecko) Chrome/137.0.0.0 Safari/537.36"}
{"error":"Error: read ECONNRESET\n    at TCP.onStreamRead (node:internal/stream_base_commons:218:20)","level":"error","message":"获取会话列表失败: read ECONNRESET","service":"ai-labor-advisor","timestamp":"2025-07-01 14:17:01","userId":"685d6c950d48e3c9de6239f6"}
{"ip":"::1","level":"error","message":"請求失敗: GET /api/v1/chat/sessions?page=1&limit=5","method":"GET","params":{},"path":"/api/v1/chat/sessions?page=1&limit=5","query":{"limit":"5","page":"1"},"responseTime":"22317ms","service":"ai-labor-advisor","status":500,"timestamp":"2025-07-01 14:17:01","userAgent":"Mozilla/5.0 (Windows NT 10.0; Win64; x64) AppleWebKit/537.36 (KHTML, like Gecko) Chrome/137.0.0.0 Safari/537.36"}
{"error":"Error: read ECONNRESET\n    at TCP.onStreamRead (node:internal/stream_base_commons:218:20)","level":"error","message":"获取会话列表失败: read ECONNRESET","service":"ai-labor-advisor","timestamp":"2025-07-01 14:19:58","userId":"685d6c950d48e3c9de6239f6"}
{"ip":"::1","level":"error","message":"請求失敗: GET /api/v1/chat/sessions?page=1&limit=5","method":"GET","params":{},"path":"/api/v1/chat/sessions?page=1&limit=5","query":{"limit":"5","page":"1"},"responseTime":"19562ms","service":"ai-labor-advisor","status":500,"timestamp":"2025-07-01 14:19:58","userAgent":"Mozilla/5.0 (Windows NT 10.0; Win64; x64) AppleWebKit/537.36 (KHTML, like Gecko) Chrome/137.0.0.0 Safari/537.36"}
{"error":"Error: read ECONNRESET\n    at TCP.onStreamRead (node:internal/stream_base_commons:218:20)","level":"error","message":"获取会话列表失败: read ECONNRESET","service":"ai-labor-advisor","timestamp":"2025-07-01 14:26:23","userId":"685d6c950d48e3c9de6239f6"}
{"ip":"::1","level":"error","message":"請求失敗: GET /api/v1/chat/sessions?page=1&limit=5","method":"GET","params":{},"path":"/api/v1/chat/sessions?page=1&limit=5","query":{"limit":"5","page":"1"},"responseTime":"44018ms","service":"ai-labor-advisor","status":500,"timestamp":"2025-07-01 14:26:23","userAgent":"Mozilla/5.0 (Windows NT 10.0; Win64; x64) AppleWebKit/537.36 (KHTML, like Gecko) Chrome/137.0.0.0 Safari/537.36"}
{"error":"Error: read ECONNRESET\n    at TCP.onStreamRead (node:internal/stream_base_commons:218:20)","level":"error","message":"获取会话列表失败: read ECONNRESET","service":"ai-labor-advisor","timestamp":"2025-07-01 14:26:59","userId":"685d6c950d48e3c9de6239f6"}
{"ip":"::1","level":"error","message":"請求失敗: GET /api/v1/chat/sessions?page=1&limit=5","method":"GET","params":{},"path":"/api/v1/chat/sessions?page=1&limit=5","query":{"limit":"5","page":"1"},"responseTime":"20408ms","service":"ai-labor-advisor","status":500,"timestamp":"2025-07-01 14:26:59","userAgent":"Mozilla/5.0 (Windows NT 10.0; Win64; x64) AppleWebKit/537.36 (KHTML, like Gecko) Chrome/137.0.0.0 Safari/537.36"}
